\BOOKMARK [0][-]{chapter.1}{起步}{}% 1
\BOOKMARK [1][-]{section.1.1}{关于版本控制}{chapter.1}% 2
\BOOKMARK [2][-]{subsection.1.1.1}{本地版本控制系统}{section.1.1}% 3
\BOOKMARK [2][-]{subsection.1.1.2}{集中化的版本控制系统}{section.1.1}% 4
\BOOKMARK [2][-]{subsection.1.1.3}{分布式版本控制系统}{section.1.1}% 5
\BOOKMARK [1][-]{section.1.2}{Git 简史}{chapter.1}% 6
\BOOKMARK [1][-]{section.1.3}{Git 基础}{chapter.1}% 7
\BOOKMARK [2][-]{subsection.1.3.1}{直接记录快照，而非差异比较}{section.1.3}% 8
\BOOKMARK [2][-]{subsection.1.3.2}{近乎所有操作都是本地执行}{section.1.3}% 9
\BOOKMARK [2][-]{subsection.1.3.3}{时刻保持数据完整性}{section.1.3}% 10
\BOOKMARK [2][-]{subsection.1.3.4}{多数操作仅添加数据}{section.1.3}% 11
\BOOKMARK [2][-]{subsection.1.3.5}{文件的三种状态}{section.1.3}% 12
\BOOKMARK [1][-]{section.1.4}{安装 Git}{chapter.1}% 13
\BOOKMARK [2][-]{subsection.1.4.1}{从源代码安装}{section.1.4}% 14
\BOOKMARK [2][-]{subsection.1.4.2}{在 Linux 上安装}{section.1.4}% 15
\BOOKMARK [2][-]{subsection.1.4.3}{在 Mac 上安装}{section.1.4}% 16
\BOOKMARK [2][-]{subsection.1.4.4}{在 Windows 上安装}{section.1.4}% 17
\BOOKMARK [1][-]{section.1.5}{初次运行 Git 前的配置}{chapter.1}% 18
\BOOKMARK [2][-]{subsection.1.5.1}{用户信息}{section.1.5}% 19
\BOOKMARK [2][-]{subsection.1.5.2}{文本编辑器}{section.1.5}% 20
\BOOKMARK [2][-]{subsection.1.5.3}{差异分析工具}{section.1.5}% 21
\BOOKMARK [2][-]{subsection.1.5.4}{查看配置信息}{section.1.5}% 22
\BOOKMARK [1][-]{section.1.6}{获取帮助}{chapter.1}% 23
\BOOKMARK [1][-]{section.1.7}{小结}{chapter.1}% 24
\BOOKMARK [0][-]{chapter.2}{Git 基础}{}% 25
\BOOKMARK [1][-]{section.2.1}{取得项目的 Git 仓库}{chapter.2}% 26
\BOOKMARK [2][-]{subsection.2.1.1}{在工作目录中初始化新仓库}{section.2.1}% 27
\BOOKMARK [2][-]{subsection.2.1.2}{从现有仓库克隆}{section.2.1}% 28
\BOOKMARK [1][-]{section.2.2}{记录每次更新到仓库}{chapter.2}% 29
\BOOKMARK [2][-]{subsection.2.2.1}{检查当前文件状态}{section.2.2}% 30
\BOOKMARK [2][-]{subsection.2.2.2}{跟踪新文件}{section.2.2}% 31
\BOOKMARK [2][-]{subsection.2.2.3}{暂存已修改文件}{section.2.2}% 32
\BOOKMARK [2][-]{subsection.2.2.4}{忽略某些文件}{section.2.2}% 33
\BOOKMARK [2][-]{subsection.2.2.5}{查看已暂存和未暂存的更新}{section.2.2}% 34
\BOOKMARK [2][-]{subsection.2.2.6}{提交更新}{section.2.2}% 35
\BOOKMARK [2][-]{subsection.2.2.7}{跳过使用暂存区域}{section.2.2}% 36
\BOOKMARK [2][-]{subsection.2.2.8}{移除文件}{section.2.2}% 37
\BOOKMARK [2][-]{subsection.2.2.9}{移动文件}{section.2.2}% 38
\BOOKMARK [1][-]{section.2.3}{查看提交历史}{chapter.2}% 39
\BOOKMARK [2][-]{subsection.2.3.1}{限制输出长度}{section.2.3}% 40
\BOOKMARK [2][-]{subsection.2.3.2}{使用图形化工具查阅提交历史}{section.2.3}% 41
\BOOKMARK [1][-]{section.2.4}{撤消操作}{chapter.2}% 42
\BOOKMARK [2][-]{subsection.2.4.1}{修改最后一次提交}{section.2.4}% 43
\BOOKMARK [2][-]{subsection.2.4.2}{取消已经暂存的文件}{section.2.4}% 44
\BOOKMARK [2][-]{subsection.2.4.3}{取消对文件的修改}{section.2.4}% 45
\BOOKMARK [1][-]{section.2.5}{远程仓库的使用}{chapter.2}% 46
\BOOKMARK [2][-]{subsection.2.5.1}{查看当前的远程库}{section.2.5}% 47
\BOOKMARK [2][-]{subsection.2.5.2}{添加远程仓库}{section.2.5}% 48
\BOOKMARK [2][-]{subsection.2.5.3}{从远程仓库抓取数据}{section.2.5}% 49
\BOOKMARK [2][-]{subsection.2.5.4}{推送数据到远程仓库}{section.2.5}% 50
\BOOKMARK [2][-]{subsection.2.5.5}{查看远程仓库信息}{section.2.5}% 51
\BOOKMARK [2][-]{subsection.2.5.6}{远程仓库的删除和重命名}{section.2.5}% 52
\BOOKMARK [1][-]{section.2.6}{打标签}{chapter.2}% 53
\BOOKMARK [2][-]{subsection.2.6.1}{列显已有的标签}{section.2.6}% 54
\BOOKMARK [2][-]{subsection.2.6.2}{新建标签}{section.2.6}% 55
\BOOKMARK [2][-]{subsection.2.6.3}{含附注的标签}{section.2.6}% 56
\BOOKMARK [2][-]{subsection.2.6.4}{签署标签}{section.2.6}% 57
\BOOKMARK [2][-]{subsection.2.6.5}{轻量级标签}{section.2.6}% 58
\BOOKMARK [2][-]{subsection.2.6.6}{验证标签}{section.2.6}% 59
\BOOKMARK [2][-]{subsection.2.6.7}{后期加注标签}{section.2.6}% 60
\BOOKMARK [2][-]{subsection.2.6.8}{分享标签}{section.2.6}% 61
\BOOKMARK [1][-]{section.2.7}{技巧和窍门}{chapter.2}% 62
\BOOKMARK [2][-]{subsection.2.7.1}{自动补全}{section.2.7}% 63
\BOOKMARK [2][-]{subsection.2.7.2}{Git 命令别名}{section.2.7}% 64
\BOOKMARK [1][-]{section.2.8}{小结}{chapter.2}% 65
\BOOKMARK [0][-]{chapter.3}{Git 分支}{}% 66
\BOOKMARK [1][-]{section.3.1}{何谓分支}{chapter.3}% 67
\BOOKMARK [1][-]{section.3.2}{分支的新建与合并}{chapter.3}% 68
\BOOKMARK [2][-]{subsection.3.2.1}{分支的新建与切换}{section.3.2}% 69
\BOOKMARK [2][-]{subsection.3.2.2}{分支的合并}{section.3.2}% 70
\BOOKMARK [2][-]{subsection.3.2.3}{遇到冲突时的分支合并}{section.3.2}% 71
\BOOKMARK [1][-]{section.3.3}{分支的管理}{chapter.3}% 72
\BOOKMARK [1][-]{section.3.4}{利用分支进行开发的工作流程}{chapter.3}% 73
\BOOKMARK [2][-]{subsection.3.4.1}{长期分支}{section.3.4}% 74
\BOOKMARK [2][-]{subsection.3.4.2}{特性分支}{section.3.4}% 75
\BOOKMARK [1][-]{section.3.5}{远程分支}{chapter.3}% 76
\BOOKMARK [2][-]{subsection.3.5.1}{推送本地分支}{section.3.5}% 77
\BOOKMARK [2][-]{subsection.3.5.2}{跟踪远程分支}{section.3.5}% 78
\BOOKMARK [2][-]{subsection.3.5.3}{删除远程分支}{section.3.5}% 79
\BOOKMARK [1][-]{section.3.6}{分支的衍合}{chapter.3}% 80
\BOOKMARK [2][-]{subsection.3.6.1}{基本的衍合操作}{section.3.6}% 81
\BOOKMARK [2][-]{subsection.3.6.2}{有趣的衍合}{section.3.6}% 82
\BOOKMARK [2][-]{subsection.3.6.3}{衍合的风险}{section.3.6}% 83
\BOOKMARK [1][-]{section.3.7}{小结}{chapter.3}% 84
\BOOKMARK [0][-]{chapter.4}{服务器上的 Git}{}% 85
\BOOKMARK [1][-]{section.4.1}{协议}{chapter.4}% 86
\BOOKMARK [2][-]{subsection.4.1.1}{本地协议}{section.4.1}% 87
\BOOKMARK [3][-]{section*.2}{优点}{subsection.4.1.1}% 88
\BOOKMARK [3][-]{section*.3}{缺点}{subsection.4.1.1}% 89
\BOOKMARK [2][-]{subsection.4.1.2}{SSH 协议}{section.4.1}% 90
\BOOKMARK [3][-]{section*.4}{优点}{subsection.4.1.2}% 91
\BOOKMARK [3][-]{section*.5}{缺点}{subsection.4.1.2}% 92
\BOOKMARK [2][-]{subsection.4.1.3}{Git 协议}{section.4.1}% 93
\BOOKMARK [3][-]{section*.6}{优点}{subsection.4.1.3}% 94
\BOOKMARK [3][-]{section*.7}{缺点}{subsection.4.1.3}% 95
\BOOKMARK [2][-]{subsection.4.1.4}{HTTP/S 协议}{section.4.1}% 96
\BOOKMARK [3][-]{section*.8}{优点}{subsection.4.1.4}% 97
\BOOKMARK [3][-]{section*.9}{缺点}{subsection.4.1.4}% 98
\BOOKMARK [1][-]{section.4.2}{在服务器上部署 Git}{chapter.4}% 99
\BOOKMARK [2][-]{subsection.4.2.1}{把裸仓库移到服务器上}{section.4.2}% 100
\BOOKMARK [2][-]{subsection.4.2.2}{小型安装}{section.4.2}% 101
\BOOKMARK [3][-]{section*.10}{SSH 连接}{subsection.4.2.2}% 102
\BOOKMARK [1][-]{section.4.3}{生成 SSH 公钥}{chapter.4}% 103
\BOOKMARK [1][-]{section.4.4}{架设服务器}{chapter.4}% 104
\BOOKMARK [1][-]{section.4.5}{公共访问}{chapter.4}% 105
\BOOKMARK [1][-]{section.4.6}{GitWeb}{chapter.4}% 106
\BOOKMARK [1][-]{section.4.7}{Gitosis}{chapter.4}% 107
\BOOKMARK [1][-]{section.4.8}{Gitolite}{chapter.4}% 108
\BOOKMARK [2][-]{subsection.4.8.1}{Installing}{section.4.8}% 109
\BOOKMARK [2][-]{subsection.4.8.2}{Customising\040the\040Install}{section.4.8}% 110
\BOOKMARK [2][-]{subsection.4.8.3}{Config\040File\040and\040Access\040Control\040Rules}{section.4.8}% 111
\BOOKMARK [2][-]{subsection.4.8.4}{Advanced Access Control with “deny” rules}{section.4.8}% 112
\BOOKMARK [2][-]{subsection.4.8.5}{Restricting\040pushes\040by\040files\040changed}{section.4.8}% 113
\BOOKMARK [2][-]{subsection.4.8.6}{Personal\040Branches}{section.4.8}% 114
\BOOKMARK [2][-]{subsection.4.8.7}{“Wildcard” repositories}{section.4.8}% 115
\BOOKMARK [2][-]{subsection.4.8.8}{Other\040Features}{section.4.8}% 116
\BOOKMARK [1][-]{section.4.9}{Git 守护进程}{chapter.4}% 117
\BOOKMARK [1][-]{section.4.10}{Git 托管服务}{chapter.4}% 118
\BOOKMARK [2][-]{subsection.4.10.1}{GitHub}{section.4.10}% 119
\BOOKMARK [2][-]{subsection.4.10.2}{建立新账户}{section.4.10}% 120
\BOOKMARK [2][-]{subsection.4.10.3}{建立新仓库}{section.4.10}% 121
\BOOKMARK [2][-]{subsection.4.10.4}{从 Subversion 导入项目}{section.4.10}% 122
\BOOKMARK [2][-]{subsection.4.10.5}{添加协作开发者}{section.4.10}% 123
\BOOKMARK [2][-]{subsection.4.10.6}{项目页面}{section.4.10}% 124
\BOOKMARK [2][-]{subsection.4.10.7}{派生项目}{section.4.10}% 125
\BOOKMARK [2][-]{subsection.4.10.8}{GitHub 小结}{section.4.10}% 126
\BOOKMARK [1][-]{section.4.11}{小结}{chapter.4}% 127
\BOOKMARK [0][-]{chapter.5}{分布式 Git}{}% 128
\BOOKMARK [1][-]{section.5.1}{分布式工作流程}{chapter.5}% 129
\BOOKMARK [2][-]{subsection.5.1.1}{集中式工作流}{section.5.1}% 130
\BOOKMARK [2][-]{subsection.5.1.2}{集成管理员工作流}{section.5.1}% 131
\BOOKMARK [2][-]{subsection.5.1.3}{司令官与副官工作流}{section.5.1}% 132
\BOOKMARK [1][-]{section.5.2}{为项目作贡献}{chapter.5}% 133
\BOOKMARK [2][-]{subsection.5.2.1}{提交指南}{section.5.2}% 134
\BOOKMARK [2][-]{subsection.5.2.2}{私有的小型团队}{section.5.2}% 135
\BOOKMARK [2][-]{subsection.5.2.3}{私有团队间协作}{section.5.2}% 136
\BOOKMARK [2][-]{subsection.5.2.4}{公开的小型项目}{section.5.2}% 137
\BOOKMARK [2][-]{subsection.5.2.5}{公开的大型项目}{section.5.2}% 138
\BOOKMARK [2][-]{subsection.5.2.6}{小结}{section.5.2}% 139
\BOOKMARK [1][-]{section.5.3}{项目的管理}{chapter.5}% 140
\BOOKMARK [2][-]{subsection.5.3.1}{使用特性分支进行工作}{section.5.3}% 141
\BOOKMARK [2][-]{subsection.5.3.2}{采纳来自邮件的补丁}{section.5.3}% 142
\BOOKMARK [3][-]{section*.11}{使用 apply 命令应用补丁}{subsection.5.3.2}% 143
\BOOKMARK [3][-]{section*.12}{使用 am 命令应用补丁}{subsection.5.3.2}% 144
\BOOKMARK [2][-]{subsection.5.3.3}{检出远程分支}{section.5.3}% 145
\BOOKMARK [2][-]{subsection.5.3.4}{决断代码取舍}{section.5.3}% 146
\BOOKMARK [2][-]{subsection.5.3.5}{代码集成}{section.5.3}% 147
\BOOKMARK [3][-]{section*.13}{合并流程}{subsection.5.3.5}% 148
\BOOKMARK [3][-]{section*.14}{大项目的合并流程}{subsection.5.3.5}% 149
\BOOKMARK [3][-]{section*.15}{衍合与挑拣（cherry-pick）的流程}{subsection.5.3.5}% 150
\BOOKMARK [2][-]{subsection.5.3.6}{给发行版签名}{section.5.3}% 151
\BOOKMARK [2][-]{subsection.5.3.7}{生成内部版本号}{section.5.3}% 152
\BOOKMARK [2][-]{subsection.5.3.8}{准备发布}{section.5.3}% 153
\BOOKMARK [2][-]{subsection.5.3.9}{制作简报}{section.5.3}% 154
\BOOKMARK [1][-]{section.5.4}{小结}{chapter.5}% 155
\BOOKMARK [0][-]{chapter.6}{Git 工具}{}% 156
\BOOKMARK [1][-]{section.6.1}{修订版本（Revision）选择}{chapter.6}% 157
\BOOKMARK [2][-]{subsection.6.1.1}{单个修订版本}{section.6.1}% 158
\BOOKMARK [2][-]{subsection.6.1.2}{简短的SHA}{section.6.1}% 159
\BOOKMARK [2][-]{subsection.6.1.3}{关于 SHA-1 的简短说明}{section.6.1}% 160
\BOOKMARK [2][-]{subsection.6.1.4}{分支引用}{section.6.1}% 161
\BOOKMARK [2][-]{subsection.6.1.5}{引用日志里的简称}{section.6.1}% 162
\BOOKMARK [2][-]{subsection.6.1.6}{祖先引用}{section.6.1}% 163
\BOOKMARK [2][-]{subsection.6.1.7}{提交范围}{section.6.1}% 164
\BOOKMARK [3][-]{section*.16}{双点}{subsection.6.1.7}% 165
\BOOKMARK [3][-]{section*.17}{多点}{subsection.6.1.7}% 166
\BOOKMARK [3][-]{section*.18}{三点}{subsection.6.1.7}% 167
\BOOKMARK [1][-]{section.6.2}{交互式暂存}{chapter.6}% 168
\BOOKMARK [2][-]{subsection.6.2.1}{暂存和撤回文件}{section.6.2}% 169
\BOOKMARK [2][-]{subsection.6.2.2}{暂存补丁}{section.6.2}% 170
\BOOKMARK [1][-]{section.6.3}{储藏（Stashing）}{chapter.6}% 171
\BOOKMARK [2][-]{subsection.6.3.1}{储藏你的工作}{section.6.3}% 172
\BOOKMARK [2][-]{subsection.6.3.2}{取消储藏\(Un-applying a Stash\)}{section.6.3}% 173
\BOOKMARK [2][-]{subsection.6.3.3}{从储藏中创建分支}{section.6.3}% 174
\BOOKMARK [1][-]{section.6.4}{重写历史}{chapter.6}% 175
\BOOKMARK [2][-]{subsection.6.4.1}{改变最近一次提交}{section.6.4}% 176
\BOOKMARK [2][-]{subsection.6.4.2}{修改多个提交说明}{section.6.4}% 177
\BOOKMARK [2][-]{subsection.6.4.3}{重排提交}{section.6.4}% 178
\BOOKMARK [2][-]{subsection.6.4.4}{压制\(Squashing\)提交}{section.6.4}% 179
\BOOKMARK [2][-]{subsection.6.4.5}{拆分提交}{section.6.4}% 180
\BOOKMARK [2][-]{subsection.6.4.6}{核弹级选项: filter-branch}{section.6.4}% 181
\BOOKMARK [3][-]{section*.19}{从所有提交中删除一个文件}{subsection.6.4.6}% 182
\BOOKMARK [3][-]{section*.20}{将一个子目录设置为新的根目录}{subsection.6.4.6}% 183
\BOOKMARK [3][-]{section*.21}{全局性地更换电子邮件地址}{subsection.6.4.6}% 184
\BOOKMARK [1][-]{section.6.5}{使用 Git 调试}{chapter.6}% 185
\BOOKMARK [2][-]{subsection.6.5.1}{文件标注}{section.6.5}% 186
\BOOKMARK [2][-]{subsection.6.5.2}{二分查找}{section.6.5}% 187
\BOOKMARK [1][-]{section.6.6}{子模块}{chapter.6}% 188
\BOOKMARK [2][-]{subsection.6.6.1}{子模块初步}{section.6.6}% 189
\BOOKMARK [2][-]{subsection.6.6.2}{克隆一个带子模块的项目}{section.6.6}% 190
\BOOKMARK [2][-]{subsection.6.6.3}{上层项目}{section.6.6}% 191
\BOOKMARK [2][-]{subsection.6.6.4}{子模块的问题}{section.6.6}% 192
\BOOKMARK [1][-]{section.6.7}{子树合并}{chapter.6}% 193
\BOOKMARK [1][-]{section.6.8}{总结}{chapter.6}% 194
\BOOKMARK [0][-]{chapter.7}{自定义 Git}{}% 195
\BOOKMARK [1][-]{section.7.1}{配置 Git}{chapter.7}% 196
\BOOKMARK [2][-]{subsection.7.1.1}{客户端基本配置}{section.7.1}% 197
\BOOKMARK [3][-]{section*.22}{core.editor}{subsection.7.1.1}% 198
\BOOKMARK [3][-]{section*.23}{commit.template}{subsection.7.1.1}% 199
\BOOKMARK [3][-]{section*.24}{core.pager}{subsection.7.1.1}% 200
\BOOKMARK [3][-]{section*.25}{user.signingkey}{subsection.7.1.1}% 201
\BOOKMARK [3][-]{section*.26}{core.excludesfile}{subsection.7.1.1}% 202
\BOOKMARK [3][-]{section*.27}{help.autocorrect}{subsection.7.1.1}% 203
\BOOKMARK [2][-]{subsection.7.1.2}{Git中的着色}{section.7.1}% 204
\BOOKMARK [3][-]{section*.28}{color.ui}{subsection.7.1.2}% 205
\BOOKMARK [3][-]{section*.29}{color.*}{subsection.7.1.2}% 206
\BOOKMARK [2][-]{subsection.7.1.3}{外部的合并与比较工具}{section.7.1}% 207
\BOOKMARK [2][-]{subsection.7.1.4}{格式化与空白}{section.7.1}% 208
\BOOKMARK [3][-]{section*.30}{core.autocrlf}{subsection.7.1.4}% 209
\BOOKMARK [3][-]{section*.31}{core.whitespace}{subsection.7.1.4}% 210
\BOOKMARK [2][-]{subsection.7.1.5}{服务器端配置}{section.7.1}% 211
\BOOKMARK [3][-]{section*.32}{receive.fsckObjects}{subsection.7.1.5}% 212
\BOOKMARK [3][-]{section*.33}{receive.denyNonFastForwards}{subsection.7.1.5}% 213
\BOOKMARK [3][-]{section*.34}{receive.denyDeletes}{subsection.7.1.5}% 214
\BOOKMARK [1][-]{section.7.2}{Git属性}{chapter.7}% 215
\BOOKMARK [2][-]{subsection.7.2.1}{二进制文件}{section.7.2}% 216
\BOOKMARK [3][-]{section*.35}{识别二进制文件}{subsection.7.2.1}% 217
\BOOKMARK [3][-]{section*.36}{比较二进制文件}{subsection.7.2.1}% 218
\BOOKMARK [2][-]{subsection.7.2.2}{关键字扩展}{section.7.2}% 219
\BOOKMARK [2][-]{subsection.7.2.3}{导出仓库}{section.7.2}% 220
\BOOKMARK [3][-]{section*.37}{export-ignore}{subsection.7.2.3}% 221
\BOOKMARK [3][-]{section*.38}{export-subst}{subsection.7.2.3}% 222
\BOOKMARK [2][-]{subsection.7.2.4}{合并策略}{section.7.2}% 223
\BOOKMARK [1][-]{section.7.3}{Git挂钩}{chapter.7}% 224
\BOOKMARK [2][-]{subsection.7.3.1}{安装一个挂钩}{section.7.3}% 225
\BOOKMARK [2][-]{subsection.7.3.2}{客户端挂钩}{section.7.3}% 226
\BOOKMARK [3][-]{section*.39}{提交工作流挂钩}{subsection.7.3.2}% 227
\BOOKMARK [3][-]{section*.40}{E-mail工作流挂钩}{subsection.7.3.2}% 228
\BOOKMARK [3][-]{section*.41}{其他客户端挂钩}{subsection.7.3.2}% 229
\BOOKMARK [2][-]{subsection.7.3.3}{服务器端挂钩}{section.7.3}% 230
\BOOKMARK [3][-]{section*.42}{pre-receive 和 post-receive}{subsection.7.3.3}% 231
\BOOKMARK [3][-]{section*.43}{update}{subsection.7.3.3}% 232
\BOOKMARK [1][-]{section.7.4}{Git 强制策略实例}{chapter.7}% 233
\BOOKMARK [2][-]{subsection.7.4.1}{服务端挂钩}{section.7.4}% 234
\BOOKMARK [3][-]{section*.44}{指定特殊的提交信息格式}{subsection.7.4.1}% 235
\BOOKMARK [3][-]{section*.45}{实现基于用户的访问权限控制列表（ACL）系统}{subsection.7.4.1}% 236
\BOOKMARK [3][-]{section*.46}{只允许 Fast-Forward 类型的推送}{subsection.7.4.1}% 237
\BOOKMARK [2][-]{subsection.7.4.2}{客户端挂钩}{section.7.4}% 238
\BOOKMARK [1][-]{section.7.5}{总结}{chapter.7}% 239
\BOOKMARK [0][-]{chapter.8}{Git 与其他系统}{}% 240
\BOOKMARK [1][-]{section.8.1}{Git 与 Subversion}{chapter.8}% 241
\BOOKMARK [2][-]{subsection.8.1.1}{git\040svn}{section.8.1}% 242
\BOOKMARK [2][-]{subsection.8.1.2}{初始设定}{section.8.1}% 243
\BOOKMARK [2][-]{subsection.8.1.3}{入门}{section.8.1}% 244
\BOOKMARK [2][-]{subsection.8.1.4}{提交到 Subversion}{section.8.1}% 245
\BOOKMARK [2][-]{subsection.8.1.5}{拉取最新进展}{section.8.1}% 246
\BOOKMARK [2][-]{subsection.8.1.6}{Git 分支问题}{section.8.1}% 247
\BOOKMARK [2][-]{subsection.8.1.7}{Subversion 分支}{section.8.1}% 248
\BOOKMARK [3][-]{section*.47}{创建新的 SVN 分支}{subsection.8.1.7}% 249
\BOOKMARK [2][-]{subsection.8.1.8}{切换当前分支}{section.8.1}% 250
\BOOKMARK [2][-]{subsection.8.1.9}{对应 Subversion 的命令}{section.8.1}% 251
\BOOKMARK [3][-]{section*.48}{SVN 风格的历史}{subsection.8.1.9}% 252
\BOOKMARK [3][-]{section*.49}{SVN 日志}{subsection.8.1.9}% 253
\BOOKMARK [3][-]{section*.50}{SVN 服务器信息}{subsection.8.1.9}% 254
\BOOKMARK [3][-]{section*.51}{略 Subversion 之所略}{subsection.8.1.9}% 255
\BOOKMARK [2][-]{subsection.8.1.10}{Git-Svn 总结}{section.8.1}% 256
\BOOKMARK [1][-]{section.8.2}{迁移到 Git}{chapter.8}% 257
\BOOKMARK [2][-]{subsection.8.2.1}{导入}{section.8.2}% 258
\BOOKMARK [2][-]{subsection.8.2.2}{Subversion}{section.8.2}% 259
\BOOKMARK [2][-]{subsection.8.2.3}{Perforce}{section.8.2}% 260
\BOOKMARK [2][-]{subsection.8.2.4}{自定导入脚本}{section.8.2}% 261
\BOOKMARK [1][-]{section.8.3}{总结}{chapter.8}% 262
\BOOKMARK [0][-]{chapter.9}{Git 内部原理}{}% 263
\BOOKMARK [1][-]{section.9.1}{底层命令 \(Plumbing\) 和高层命令 \(Porcelain\)}{chapter.9}% 264
\BOOKMARK [1][-]{section.9.2}{Git 对象}{chapter.9}% 265
\BOOKMARK [2][-]{subsection.9.2.1}{tree \(树\) 对象}{section.9.2}% 266
\BOOKMARK [2][-]{subsection.9.2.2}{commit \(提交\) 对象}{section.9.2}% 267
\BOOKMARK [2][-]{subsection.9.2.3}{对象存储}{section.9.2}% 268
\BOOKMARK [1][-]{section.9.3}{Git\040References}{chapter.9}% 269
\BOOKMARK [2][-]{subsection.9.3.1}{HEAD 标记}{section.9.3}% 270
\BOOKMARK [2][-]{subsection.9.3.2}{Tags}{section.9.3}% 271
\BOOKMARK [2][-]{subsection.9.3.3}{Remotes}{section.9.3}% 272
\BOOKMARK [1][-]{section.9.4}{Packfiles}{chapter.9}% 273
\BOOKMARK [1][-]{section.9.5}{The\040Refspec}{chapter.9}% 274
\BOOKMARK [2][-]{subsection.9.5.1}{推送 Refspec}{section.9.5}% 275
\BOOKMARK [2][-]{subsection.9.5.2}{删除引用}{section.9.5}% 276
\BOOKMARK [1][-]{section.9.6}{传输协议}{chapter.9}% 277
\BOOKMARK [2][-]{subsection.9.6.1}{哑协议}{section.9.6}% 278
\BOOKMARK [2][-]{subsection.9.6.2}{智能协议}{section.9.6}% 279
\BOOKMARK [3][-]{section*.52}{上传数据}{subsection.9.6.2}% 280
\BOOKMARK [3][-]{section*.53}{下载数据}{subsection.9.6.2}% 281
\BOOKMARK [1][-]{section.9.7}{维护及数据恢复}{chapter.9}% 282
\BOOKMARK [2][-]{subsection.9.7.1}{维护}{section.9.7}% 283
\BOOKMARK [2][-]{subsection.9.7.2}{数据恢复}{section.9.7}% 284
\BOOKMARK [2][-]{subsection.9.7.3}{移除对象}{section.9.7}% 285
\BOOKMARK [1][-]{section.9.8}{总结}{chapter.9}% 286
