\BOOKMARK [0][-]{chapter.1}{Getting\040Started}{}% 1
\BOOKMARK [1][-]{section.1.1}{About\040Version\040Control}{chapter.1}% 2
\BOOKMARK [2][-]{subsection.1.1.1}{Local\040Version\040Control\040Systems}{section.1.1}% 3
\BOOKMARK [2][-]{subsection.1.1.2}{Centralized\040Version\040Control\040Systems}{section.1.1}% 4
\BOOKMARK [2][-]{subsection.1.1.3}{Distributed\040Version\040Control\040Systems}{section.1.1}% 5
\BOOKMARK [1][-]{section.1.2}{A\040Short\040History\040of\040Git}{chapter.1}% 6
\BOOKMARK [1][-]{section.1.3}{Git\040Basics}{chapter.1}% 7
\BOOKMARK [2][-]{subsection.1.3.1}{Snapshots,\040Not\040Differences}{section.1.3}% 8
\BOOKMARK [2][-]{subsection.1.3.2}{Nearly\040Every\040Operation\040Is\040Local}{section.1.3}% 9
\BOOKMARK [2][-]{subsection.1.3.3}{Git\040Has\040Integrity}{section.1.3}% 10
\BOOKMARK [2][-]{subsection.1.3.4}{Git\040Generally\040Only\040Adds\040Data}{section.1.3}% 11
\BOOKMARK [2][-]{subsection.1.3.5}{The\040Three\040States}{section.1.3}% 12
\BOOKMARK [1][-]{section.1.4}{Installing\040Git}{chapter.1}% 13
\BOOKMARK [2][-]{subsection.1.4.1}{Installing\040from\040Source}{section.1.4}% 14
\BOOKMARK [2][-]{subsection.1.4.2}{Installing\040on\040Linux}{section.1.4}% 15
\BOOKMARK [2][-]{subsection.1.4.3}{Installing\040on\040Mac}{section.1.4}% 16
\BOOKMARK [2][-]{subsection.1.4.4}{Installing\040on\040Windows}{section.1.4}% 17
\BOOKMARK [1][-]{section.1.5}{First-Time\040Git\040Setup}{chapter.1}% 18
\BOOKMARK [2][-]{subsection.1.5.1}{Your\040Identity}{section.1.5}% 19
\BOOKMARK [2][-]{subsection.1.5.2}{Your\040Editor}{section.1.5}% 20
\BOOKMARK [2][-]{subsection.1.5.3}{Your\040Diff\040Tool}{section.1.5}% 21
\BOOKMARK [2][-]{subsection.1.5.4}{Checking\040Your\040Settings}{section.1.5}% 22
\BOOKMARK [1][-]{section.1.6}{Getting\040Help}{chapter.1}% 23
\BOOKMARK [1][-]{section.1.7}{Summary}{chapter.1}% 24
\BOOKMARK [0][-]{chapter.2}{Git\040Basics}{}% 25
\BOOKMARK [1][-]{section.2.1}{Getting\040a\040Git\040Repository}{chapter.2}% 26
\BOOKMARK [2][-]{subsection.2.1.1}{Initializing\040a\040Repository\040in\040an\040Existing\040Directory}{section.2.1}% 27
\BOOKMARK [2][-]{subsection.2.1.2}{Cloning\040an\040Existing\040Repository}{section.2.1}% 28
\BOOKMARK [1][-]{section.2.2}{Recording\040Changes\040to\040the\040Repository}{chapter.2}% 29
\BOOKMARK [2][-]{subsection.2.2.1}{Checking\040the\040Status\040of\040Your\040Files}{section.2.2}% 30
\BOOKMARK [2][-]{subsection.2.2.2}{Tracking\040New\040Files}{section.2.2}% 31
\BOOKMARK [2][-]{subsection.2.2.3}{Staging\040Modified\040Files}{section.2.2}% 32
\BOOKMARK [2][-]{subsection.2.2.4}{Ignoring\040Files}{section.2.2}% 33
\BOOKMARK [2][-]{subsection.2.2.5}{Viewing\040Your\040Staged\040and\040Unstaged\040Changes}{section.2.2}% 34
\BOOKMARK [2][-]{subsection.2.2.6}{Committing\040Your\040Changes}{section.2.2}% 35
\BOOKMARK [2][-]{subsection.2.2.7}{Skipping\040the\040Staging\040Area}{section.2.2}% 36
\BOOKMARK [2][-]{subsection.2.2.8}{Removing\040Files}{section.2.2}% 37
\BOOKMARK [2][-]{subsection.2.2.9}{Moving\040Files}{section.2.2}% 38
\BOOKMARK [1][-]{section.2.3}{Viewing\040the\040Commit\040History}{chapter.2}% 39
\BOOKMARK [2][-]{subsection.2.3.1}{Limiting\040Log\040Output}{section.2.3}% 40
\BOOKMARK [2][-]{subsection.2.3.2}{Using\040a\040GUI\040to\040Visualize\040History}{section.2.3}% 41
\BOOKMARK [1][-]{section.2.4}{Undoing\040Things}{chapter.2}% 42
\BOOKMARK [2][-]{subsection.2.4.1}{Changing\040Your\040Last\040Commit}{section.2.4}% 43
\BOOKMARK [2][-]{subsection.2.4.2}{Unstaging\040a\040Staged\040File}{section.2.4}% 44
\BOOKMARK [2][-]{subsection.2.4.3}{Unmodifying\040a\040Modified\040File}{section.2.4}% 45
\BOOKMARK [1][-]{section.2.5}{Working\040with\040Remotes}{chapter.2}% 46
\BOOKMARK [2][-]{subsection.2.5.1}{Showing\040Your\040Remotes}{section.2.5}% 47
\BOOKMARK [2][-]{subsection.2.5.2}{Adding\040Remote\040Repositories}{section.2.5}% 48
\BOOKMARK [2][-]{subsection.2.5.3}{Fetching\040and\040Pulling\040from\040Your\040Remotes}{section.2.5}% 49
\BOOKMARK [2][-]{subsection.2.5.4}{Pushing\040to\040Your\040Remotes}{section.2.5}% 50
\BOOKMARK [2][-]{subsection.2.5.5}{Inspecting\040a\040Remote}{section.2.5}% 51
\BOOKMARK [2][-]{subsection.2.5.6}{Removing\040and\040Renaming\040Remotes}{section.2.5}% 52
\BOOKMARK [1][-]{section.2.6}{Tagging}{chapter.2}% 53
\BOOKMARK [2][-]{subsection.2.6.1}{Listing\040Your\040Tags}{section.2.6}% 54
\BOOKMARK [2][-]{subsection.2.6.2}{Creating\040Tags}{section.2.6}% 55
\BOOKMARK [2][-]{subsection.2.6.3}{Annotated\040Tags}{section.2.6}% 56
\BOOKMARK [2][-]{subsection.2.6.4}{Signed\040Tags}{section.2.6}% 57
\BOOKMARK [2][-]{subsection.2.6.5}{Lightweight\040Tags}{section.2.6}% 58
\BOOKMARK [2][-]{subsection.2.6.6}{Verifying\040Tags}{section.2.6}% 59
\BOOKMARK [2][-]{subsection.2.6.7}{Tagging\040Later}{section.2.6}% 60
\BOOKMARK [2][-]{subsection.2.6.8}{Sharing\040Tags}{section.2.6}% 61
\BOOKMARK [1][-]{section.2.7}{Tips\040and\040Tricks}{chapter.2}% 62
\BOOKMARK [2][-]{subsection.2.7.1}{Auto-Completion}{section.2.7}% 63
\BOOKMARK [2][-]{subsection.2.7.2}{Git\040Aliases}{section.2.7}% 64
\BOOKMARK [1][-]{section.2.8}{Summary}{chapter.2}% 65
\BOOKMARK [0][-]{chapter.3}{Git\040Branching}{}% 66
\BOOKMARK [1][-]{section.3.1}{What\040a\040Branch\040Is}{chapter.3}% 67
\BOOKMARK [1][-]{section.3.2}{Basic\040Branching\040and\040Merging}{chapter.3}% 68
\BOOKMARK [2][-]{subsection.3.2.1}{Basic\040Branching}{section.3.2}% 69
\BOOKMARK [2][-]{subsection.3.2.2}{Basic\040Merging}{section.3.2}% 70
\BOOKMARK [2][-]{subsection.3.2.3}{Basic\040Merge\040Conflicts}{section.3.2}% 71
\BOOKMARK [1][-]{section.3.3}{Branch\040Management}{chapter.3}% 72
\BOOKMARK [1][-]{section.3.4}{Branching\040Workflows}{chapter.3}% 73
\BOOKMARK [2][-]{subsection.3.4.1}{Long-Running\040Branches}{section.3.4}% 74
\BOOKMARK [2][-]{subsection.3.4.2}{Topic\040Branches}{section.3.4}% 75
\BOOKMARK [1][-]{section.3.5}{Remote\040Branches}{chapter.3}% 76
\BOOKMARK [2][-]{subsection.3.5.1}{Pushing}{section.3.5}% 77
\BOOKMARK [2][-]{subsection.3.5.2}{Tracking\040Branches}{section.3.5}% 78
\BOOKMARK [2][-]{subsection.3.5.3}{Deleting\040Remote\040Branches}{section.3.5}% 79
\BOOKMARK [1][-]{section.3.6}{Rebasing}{chapter.3}% 80
\BOOKMARK [2][-]{subsection.3.6.1}{The\040Basic\040Rebase}{section.3.6}% 81
\BOOKMARK [2][-]{subsection.3.6.2}{More\040Interesting\040Rebases}{section.3.6}% 82
\BOOKMARK [2][-]{subsection.3.6.3}{The\040Perils\040of\040Rebasing}{section.3.6}% 83
\BOOKMARK [1][-]{section.3.7}{Summary}{chapter.3}% 84
\BOOKMARK [0][-]{chapter.4}{Git\040on\040the\040Server}{}% 85
\BOOKMARK [1][-]{section.4.1}{The\040Protocols}{chapter.4}% 86
\BOOKMARK [2][-]{subsection.4.1.1}{Local\040Protocol}{section.4.1}% 87
\BOOKMARK [3][-]{section*.2}{The\040Pros}{subsection.4.1.1}% 88
\BOOKMARK [3][-]{section*.3}{The\040Cons}{subsection.4.1.1}% 89
\BOOKMARK [2][-]{subsection.4.1.2}{The\040SSH\040Protocol}{section.4.1}% 90
\BOOKMARK [3][-]{section*.4}{The\040Pros}{subsection.4.1.2}% 91
\BOOKMARK [3][-]{section*.5}{The\040Cons}{subsection.4.1.2}% 92
\BOOKMARK [2][-]{subsection.4.1.3}{The\040Git\040Protocol}{section.4.1}% 93
\BOOKMARK [3][-]{section*.6}{The\040Pros}{subsection.4.1.3}% 94
\BOOKMARK [3][-]{section*.7}{The\040Cons}{subsection.4.1.3}% 95
\BOOKMARK [2][-]{subsection.4.1.4}{The\040HTTP/S\040Protocol}{section.4.1}% 96
\BOOKMARK [3][-]{section*.8}{The\040Pros}{subsection.4.1.4}% 97
\BOOKMARK [3][-]{section*.9}{The\040Cons}{subsection.4.1.4}% 98
\BOOKMARK [1][-]{section.4.2}{Getting\040Git\040on\040a\040Server}{chapter.4}% 99
\BOOKMARK [2][-]{subsection.4.2.1}{Putting\040the\040Bare\040Repository\040on\040a\040Server}{section.4.2}% 100
\BOOKMARK [2][-]{subsection.4.2.2}{Small\040Setups}{section.4.2}% 101
\BOOKMARK [3][-]{section*.10}{SSH\040Access}{subsection.4.2.2}% 102
\BOOKMARK [1][-]{section.4.3}{Generating\040Your\040SSH\040Public\040Key}{chapter.4}% 103
\BOOKMARK [1][-]{section.4.4}{Setting\040Up\040the\040Server}{chapter.4}% 104
\BOOKMARK [1][-]{section.4.5}{Public\040Access}{chapter.4}% 105
\BOOKMARK [1][-]{section.4.6}{GitWeb}{chapter.4}% 106
\BOOKMARK [1][-]{section.4.7}{Gitosis}{chapter.4}% 107
\BOOKMARK [1][-]{section.4.8}{Gitolite}{chapter.4}% 108
\BOOKMARK [2][-]{subsection.4.8.1}{Installing}{section.4.8}% 109
\BOOKMARK [2][-]{subsection.4.8.2}{Customising\040the\040Install}{section.4.8}% 110
\BOOKMARK [2][-]{subsection.4.8.3}{Config\040File\040and\040Access\040Control\040Rules}{section.4.8}% 111
\BOOKMARK [2][-]{subsection.4.8.4}{Advanced Access Control with “deny” rules}{section.4.8}% 112
\BOOKMARK [2][-]{subsection.4.8.5}{Restricting\040pushes\040by\040files\040changed}{section.4.8}% 113
\BOOKMARK [2][-]{subsection.4.8.6}{Personal\040Branches}{section.4.8}% 114
\BOOKMARK [2][-]{subsection.4.8.7}{“Wildcard” repositories}{section.4.8}% 115
\BOOKMARK [2][-]{subsection.4.8.8}{Other\040Features}{section.4.8}% 116
\BOOKMARK [1][-]{section.4.9}{Git\040Daemon}{chapter.4}% 117
\BOOKMARK [1][-]{section.4.10}{Hosted\040Git}{chapter.4}% 118
\BOOKMARK [2][-]{subsection.4.10.1}{GitHub}{section.4.10}% 119
\BOOKMARK [2][-]{subsection.4.10.2}{Setting\040Up\040a\040User\040Account}{section.4.10}% 120
\BOOKMARK [2][-]{subsection.4.10.3}{Creating\040a\040New\040Repository}{section.4.10}% 121
\BOOKMARK [2][-]{subsection.4.10.4}{Importing\040from\040Subversion}{section.4.10}% 122
\BOOKMARK [2][-]{subsection.4.10.5}{Adding\040Collaborators}{section.4.10}% 123
\BOOKMARK [2][-]{subsection.4.10.6}{Your\040Project}{section.4.10}% 124
\BOOKMARK [2][-]{subsection.4.10.7}{Forking\040Projects}{section.4.10}% 125
\BOOKMARK [2][-]{subsection.4.10.8}{GitHub\040Summary}{section.4.10}% 126
\BOOKMARK [1][-]{section.4.11}{Summary}{chapter.4}% 127
\BOOKMARK [0][-]{chapter.5}{Distributed\040Git}{}% 128
\BOOKMARK [1][-]{section.5.1}{Distributed\040Workflows}{chapter.5}% 129
\BOOKMARK [2][-]{subsection.5.1.1}{Centralized\040Workflow}{section.5.1}% 130
\BOOKMARK [2][-]{subsection.5.1.2}{Integration-Manager\040Workflow}{section.5.1}% 131
\BOOKMARK [2][-]{subsection.5.1.3}{Dictator\040and\040Lieutenants\040Workflow}{section.5.1}% 132
\BOOKMARK [1][-]{section.5.2}{Contributing\040to\040a\040Project}{chapter.5}% 133
\BOOKMARK [2][-]{subsection.5.2.1}{Commit\040Guidelines}{section.5.2}% 134
\BOOKMARK [2][-]{subsection.5.2.2}{Private\040Small\040Team}{section.5.2}% 135
\BOOKMARK [2][-]{subsection.5.2.3}{Private\040Managed\040Team}{section.5.2}% 136
\BOOKMARK [2][-]{subsection.5.2.4}{Public\040Small\040Project}{section.5.2}% 137
\BOOKMARK [2][-]{subsection.5.2.5}{Public\040Large\040Project}{section.5.2}% 138
\BOOKMARK [2][-]{subsection.5.2.6}{Summary}{section.5.2}% 139
\BOOKMARK [1][-]{section.5.3}{Maintaining\040a\040Project}{chapter.5}% 140
\BOOKMARK [2][-]{subsection.5.3.1}{Working\040in\040Topic\040Branches}{section.5.3}% 141
\BOOKMARK [2][-]{subsection.5.3.2}{Applying\040Patches\040from\040E-mail}{section.5.3}% 142
\BOOKMARK [3][-]{section*.11}{Applying\040a\040Patch\040with\040apply}{subsection.5.3.2}% 143
\BOOKMARK [3][-]{section*.12}{Applying\040a\040Patch\040with\040am}{subsection.5.3.2}% 144
\BOOKMARK [2][-]{subsection.5.3.3}{Checking\040Out\040Remote\040Branches}{section.5.3}% 145
\BOOKMARK [2][-]{subsection.5.3.4}{Determining\040What\040Is\040Introduced}{section.5.3}% 146
\BOOKMARK [2][-]{subsection.5.3.5}{Integrating\040Contributed\040Work}{section.5.3}% 147
\BOOKMARK [3][-]{section*.13}{Merging\040Workflows}{subsection.5.3.5}% 148
\BOOKMARK [3][-]{section*.14}{Large-Merging\040Workflows}{subsection.5.3.5}% 149
\BOOKMARK [3][-]{section*.15}{Rebasing\040and\040Cherry\040Picking\040Workflows}{subsection.5.3.5}% 150
\BOOKMARK [2][-]{subsection.5.3.6}{Tagging\040Your\040Releases}{section.5.3}% 151
\BOOKMARK [2][-]{subsection.5.3.7}{Generating\040a\040Build\040Number}{section.5.3}% 152
\BOOKMARK [2][-]{subsection.5.3.8}{Preparing\040a\040Release}{section.5.3}% 153
\BOOKMARK [2][-]{subsection.5.3.9}{The\040Shortlog}{section.5.3}% 154
\BOOKMARK [1][-]{section.5.4}{Summary}{chapter.5}% 155
\BOOKMARK [0][-]{chapter.6}{Git\040Tools}{}% 156
\BOOKMARK [1][-]{section.6.1}{Revision\040Selection}{chapter.6}% 157
\BOOKMARK [2][-]{subsection.6.1.1}{Single\040Revisions}{section.6.1}% 158
\BOOKMARK [2][-]{subsection.6.1.2}{Short\040SHA}{section.6.1}% 159
\BOOKMARK [2][-]{subsection.6.1.3}{A\040SHORT\040NOTE\040ABOUT\040SHA-1}{section.6.1}% 160
\BOOKMARK [2][-]{subsection.6.1.4}{Branch\040References}{section.6.1}% 161
\BOOKMARK [2][-]{subsection.6.1.5}{RefLog\040Shortnames}{section.6.1}% 162
\BOOKMARK [2][-]{subsection.6.1.6}{Ancestry\040References}{section.6.1}% 163
\BOOKMARK [2][-]{subsection.6.1.7}{Commit\040Ranges}{section.6.1}% 164
\BOOKMARK [3][-]{section*.16}{Double\040Dot}{subsection.6.1.7}% 165
\BOOKMARK [3][-]{section*.17}{Multiple\040Points}{subsection.6.1.7}% 166
\BOOKMARK [3][-]{section*.18}{Triple\040Dot}{subsection.6.1.7}% 167
\BOOKMARK [1][-]{section.6.2}{Interactive\040Staging}{chapter.6}% 168
\BOOKMARK [2][-]{subsection.6.2.1}{Staging\040and\040Unstaging\040Files}{section.6.2}% 169
\BOOKMARK [2][-]{subsection.6.2.2}{Staging\040Patches}{section.6.2}% 170
\BOOKMARK [1][-]{section.6.3}{Stashing}{chapter.6}% 171
\BOOKMARK [2][-]{subsection.6.3.1}{Stashing\040Your\040Work}{section.6.3}% 172
\BOOKMARK [2][-]{subsection.6.3.2}{Un-applying\040a\040Stash}{section.6.3}% 173
\BOOKMARK [2][-]{subsection.6.3.3}{Creating\040a\040Branch\040from\040a\040Stash}{section.6.3}% 174
\BOOKMARK [1][-]{section.6.4}{Rewriting\040History}{chapter.6}% 175
\BOOKMARK [2][-]{subsection.6.4.1}{Changing\040the\040Last\040Commit}{section.6.4}% 176
\BOOKMARK [2][-]{subsection.6.4.2}{Changing\040Multiple\040Commit\040Messages}{section.6.4}% 177
\BOOKMARK [2][-]{subsection.6.4.3}{Reordering\040Commits}{section.6.4}% 178
\BOOKMARK [2][-]{subsection.6.4.4}{Squashing\040Commits}{section.6.4}% 179
\BOOKMARK [2][-]{subsection.6.4.5}{Splitting\040a\040Commit}{section.6.4}% 180
\BOOKMARK [2][-]{subsection.6.4.6}{The\040Nuclear\040Option:\040filter-branch}{section.6.4}% 181
\BOOKMARK [3][-]{section*.19}{Removing\040a\040File\040from\040Every\040Commit}{subsection.6.4.6}% 182
\BOOKMARK [3][-]{section*.20}{Making\040a\040Subdirectory\040the\040New\040Root}{subsection.6.4.6}% 183
\BOOKMARK [3][-]{section*.21}{Changing\040E-Mail\040Addresses\040Globally}{subsection.6.4.6}% 184
\BOOKMARK [1][-]{section.6.5}{Debugging\040with\040Git}{chapter.6}% 185
\BOOKMARK [2][-]{subsection.6.5.1}{File\040Annotation}{section.6.5}% 186
\BOOKMARK [2][-]{subsection.6.5.2}{Binary\040Search}{section.6.5}% 187
\BOOKMARK [1][-]{section.6.6}{Submodules}{chapter.6}% 188
\BOOKMARK [2][-]{subsection.6.6.1}{Starting\040with\040Submodules}{section.6.6}% 189
\BOOKMARK [2][-]{subsection.6.6.2}{Cloning\040a\040Project\040with\040Submodules}{section.6.6}% 190
\BOOKMARK [2][-]{subsection.6.6.3}{Superprojects}{section.6.6}% 191
\BOOKMARK [2][-]{subsection.6.6.4}{Issues\040with\040Submodules}{section.6.6}% 192
\BOOKMARK [1][-]{section.6.7}{Subtree\040Merging}{chapter.6}% 193
\BOOKMARK [1][-]{section.6.8}{Summary}{chapter.6}% 194
\BOOKMARK [0][-]{chapter.7}{Customizing\040Git}{}% 195
\BOOKMARK [1][-]{section.7.1}{Git\040Configuration}{chapter.7}% 196
\BOOKMARK [2][-]{subsection.7.1.1}{Basic\040Client\040Configuration}{section.7.1}% 197
\BOOKMARK [3][-]{section*.22}{core.editor}{subsection.7.1.1}% 198
\BOOKMARK [3][-]{section*.23}{commit.template}{subsection.7.1.1}% 199
\BOOKMARK [3][-]{section*.24}{core.pager}{subsection.7.1.1}% 200
\BOOKMARK [3][-]{section*.25}{user.signingkey}{subsection.7.1.1}% 201
\BOOKMARK [3][-]{section*.26}{core.excludesfile}{subsection.7.1.1}% 202
\BOOKMARK [3][-]{section*.27}{help.autocorrect}{subsection.7.1.1}% 203
\BOOKMARK [2][-]{subsection.7.1.2}{Colors\040in\040Git}{section.7.1}% 204
\BOOKMARK [3][-]{section*.28}{color.ui}{subsection.7.1.2}% 205
\BOOKMARK [3][-]{section*.29}{color.*}{subsection.7.1.2}% 206
\BOOKMARK [2][-]{subsection.7.1.3}{External\040Merge\040and\040Diff\040Tools}{section.7.1}% 207
\BOOKMARK [2][-]{subsection.7.1.4}{Formatting\040and\040Whitespace}{section.7.1}% 208
\BOOKMARK [3][-]{section*.30}{core.autocrlf}{subsection.7.1.4}% 209
\BOOKMARK [3][-]{section*.31}{core.whitespace}{subsection.7.1.4}% 210
\BOOKMARK [2][-]{subsection.7.1.5}{Server\040Configuration}{section.7.1}% 211
\BOOKMARK [3][-]{section*.32}{receive.fsckObjects}{subsection.7.1.5}% 212
\BOOKMARK [3][-]{section*.33}{receive.denyNonFastForwards}{subsection.7.1.5}% 213
\BOOKMARK [3][-]{section*.34}{receive.denyDeletes}{subsection.7.1.5}% 214
\BOOKMARK [1][-]{section.7.2}{Git\040Attributes}{chapter.7}% 215
\BOOKMARK [2][-]{subsection.7.2.1}{Binary\040Files}{section.7.2}% 216
\BOOKMARK [3][-]{section*.35}{Identifying\040Binary\040Files}{subsection.7.2.1}% 217
\BOOKMARK [3][-]{section*.36}{Diffing\040Binary\040Files}{subsection.7.2.1}% 218
\BOOKMARK [4][-]{section*.37}{MS\040Word\040files}{section*.36}% 219
\BOOKMARK [4][-]{section*.38}{OpenDocument\040Text\040files}{section*.36}% 220
\BOOKMARK [4][-]{section*.39}{Image\040files}{section*.36}% 221
\BOOKMARK [2][-]{subsection.7.2.2}{Keyword\040Expansion}{section.7.2}% 222
\BOOKMARK [2][-]{subsection.7.2.3}{Exporting\040Your\040Repository}{section.7.2}% 223
\BOOKMARK [3][-]{section*.40}{export-ignore}{subsection.7.2.3}% 224
\BOOKMARK [3][-]{section*.41}{export-subst}{subsection.7.2.3}% 225
\BOOKMARK [2][-]{subsection.7.2.4}{Merge\040Strategies}{section.7.2}% 226
\BOOKMARK [1][-]{section.7.3}{Git\040Hooks}{chapter.7}% 227
\BOOKMARK [2][-]{subsection.7.3.1}{Installing\040a\040Hook}{section.7.3}% 228
\BOOKMARK [2][-]{subsection.7.3.2}{Client-Side\040Hooks}{section.7.3}% 229
\BOOKMARK [3][-]{section*.42}{Committing-Workflow\040Hooks}{subsection.7.3.2}% 230
\BOOKMARK [3][-]{section*.43}{E-mail\040Workflow\040Hooks}{subsection.7.3.2}% 231
\BOOKMARK [3][-]{section*.44}{Other\040Client\040Hooks}{subsection.7.3.2}% 232
\BOOKMARK [2][-]{subsection.7.3.3}{Server-Side\040Hooks}{section.7.3}% 233
\BOOKMARK [3][-]{section*.45}{pre-receive\040and\040post-receive}{subsection.7.3.3}% 234
\BOOKMARK [3][-]{section*.46}{update}{subsection.7.3.3}% 235
\BOOKMARK [1][-]{section.7.4}{An\040Example\040Git-Enforced\040Policy}{chapter.7}% 236
\BOOKMARK [2][-]{subsection.7.4.1}{Server-Side\040Hook}{section.7.4}% 237
\BOOKMARK [3][-]{section*.47}{Enforcing\040a\040Specific\040Commit-Message\040Format}{subsection.7.4.1}% 238
\BOOKMARK [3][-]{section*.48}{Enforcing\040a\040User-Based\040ACL\040System}{subsection.7.4.1}% 239
\BOOKMARK [3][-]{section*.49}{Enforcing\040Fast-Forward-Only\040Pushes}{subsection.7.4.1}% 240
\BOOKMARK [2][-]{subsection.7.4.2}{Client-Side\040Hooks}{section.7.4}% 241
\BOOKMARK [1][-]{section.7.5}{Summary}{chapter.7}% 242
\BOOKMARK [0][-]{chapter.8}{Git\040and\040Other\040Systems}{}% 243
\BOOKMARK [1][-]{section.8.1}{Git\040and\040Subversion}{chapter.8}% 244
\BOOKMARK [2][-]{subsection.8.1.1}{git\040svn}{section.8.1}% 245
\BOOKMARK [2][-]{subsection.8.1.2}{Setting\040Up}{section.8.1}% 246
\BOOKMARK [2][-]{subsection.8.1.3}{Getting\040Started}{section.8.1}% 247
\BOOKMARK [2][-]{subsection.8.1.4}{Committing\040Back\040to\040Subversion}{section.8.1}% 248
\BOOKMARK [2][-]{subsection.8.1.5}{Pulling\040in\040New\040Changes}{section.8.1}% 249
\BOOKMARK [2][-]{subsection.8.1.6}{Git\040Branching\040Issues}{section.8.1}% 250
\BOOKMARK [2][-]{subsection.8.1.7}{Subversion\040Branching}{section.8.1}% 251
\BOOKMARK [3][-]{section*.50}{Creating\040a\040New\040SVN\040Branch}{subsection.8.1.7}% 252
\BOOKMARK [2][-]{subsection.8.1.8}{Switching\040Active\040Branches}{section.8.1}% 253
\BOOKMARK [2][-]{subsection.8.1.9}{Subversion\040Commands}{section.8.1}% 254
\BOOKMARK [3][-]{section*.51}{SVN\040Style\040History}{subsection.8.1.9}% 255
\BOOKMARK [3][-]{section*.52}{SVN\040Annotation}{subsection.8.1.9}% 256
\BOOKMARK [3][-]{section*.53}{SVN\040Server\040Information}{subsection.8.1.9}% 257
\BOOKMARK [3][-]{section*.54}{Ignoring\040What\040Subversion\040Ignores}{subsection.8.1.9}% 258
\BOOKMARK [2][-]{subsection.8.1.10}{Git-Svn\040Summary}{section.8.1}% 259
\BOOKMARK [1][-]{section.8.2}{Migrating\040to\040Git}{chapter.8}% 260
\BOOKMARK [2][-]{subsection.8.2.1}{Importing}{section.8.2}% 261
\BOOKMARK [2][-]{subsection.8.2.2}{Subversion}{section.8.2}% 262
\BOOKMARK [2][-]{subsection.8.2.3}{Perforce}{section.8.2}% 263
\BOOKMARK [2][-]{subsection.8.2.4}{A\040Custom\040Importer}{section.8.2}% 264
\BOOKMARK [1][-]{section.8.3}{Summary}{chapter.8}% 265
\BOOKMARK [0][-]{chapter.9}{Git\040Internals}{}% 266
\BOOKMARK [1][-]{section.9.1}{Plumbing\040and\040Porcelain}{chapter.9}% 267
\BOOKMARK [1][-]{section.9.2}{Git\040Objects}{chapter.9}% 268
\BOOKMARK [2][-]{subsection.9.2.1}{Tree\040Objects}{section.9.2}% 269
\BOOKMARK [2][-]{subsection.9.2.2}{Commit\040Objects}{section.9.2}% 270
\BOOKMARK [2][-]{subsection.9.2.3}{Object\040Storage}{section.9.2}% 271
\BOOKMARK [1][-]{section.9.3}{Git\040References}{chapter.9}% 272
\BOOKMARK [2][-]{subsection.9.3.1}{The\040HEAD}{section.9.3}% 273
\BOOKMARK [2][-]{subsection.9.3.2}{Tags}{section.9.3}% 274
\BOOKMARK [2][-]{subsection.9.3.3}{Remotes}{section.9.3}% 275
\BOOKMARK [1][-]{section.9.4}{Packfiles}{chapter.9}% 276
\BOOKMARK [1][-]{section.9.5}{The\040Refspec}{chapter.9}% 277
\BOOKMARK [2][-]{subsection.9.5.1}{Pushing\040Refspecs}{section.9.5}% 278
\BOOKMARK [2][-]{subsection.9.5.2}{Deleting\040References}{section.9.5}% 279
\BOOKMARK [1][-]{section.9.6}{Transfer\040Protocols}{chapter.9}% 280
\BOOKMARK [2][-]{subsection.9.6.1}{The\040Dumb\040Protocol}{section.9.6}% 281
\BOOKMARK [2][-]{subsection.9.6.2}{The\040Smart\040Protocol}{section.9.6}% 282
\BOOKMARK [3][-]{section*.55}{Uploading\040Data}{subsection.9.6.2}% 283
\BOOKMARK [3][-]{section*.56}{Downloading\040Data}{subsection.9.6.2}% 284
\BOOKMARK [1][-]{section.9.7}{Maintenance\040and\040Data\040Recovery}{chapter.9}% 285
\BOOKMARK [2][-]{subsection.9.7.1}{Maintenance}{section.9.7}% 286
\BOOKMARK [2][-]{subsection.9.7.2}{Data\040Recovery}{section.9.7}% 287
\BOOKMARK [2][-]{subsection.9.7.3}{Removing\040Objects}{section.9.7}% 288
\BOOKMARK [1][-]{section.9.8}{Summary}{chapter.9}% 289
